#
# There is insufficient memory for the Java Runtime Environment to continue.
# Native memory allocation (mmap) failed to map 254279680 bytes for committing reserved memory.
# Possible reasons:
#   The system is out of physical RAM or swap space
#   In 32 bit mode, the process size limit was hit
# Possible solutions:
#   Reduce memory load on the system
#   Increase physical memory or swap space
#   Check if swap backing store is full
#   Use 64 bit Java on a 64 bit OS
#   Decrease Java heap size (-Xmx/-Xms)
#   Decrease number of Java threads
#   Decrease Java thread stack sizes (-Xss)
#   Set larger code cache with -XX:ReservedCodeCacheSize=
# This output file may be truncated or incomplete.
#
#  Out of Memory Error (os_linux.cpp:2640), pid=21210, tid=0x00007f83477f7700
#
# JRE version: Java(TM) SE Runtime Environment (8.0_171-b11) (build 1.8.0_171-b11)
# Java VM: Java HotSpot(TM) 64-Bit Server VM (25.171-b11 mixed mode linux-amd64 compressed oops)
# Failed to write core dump. Core dumps have been disabled. To enable core dumping, try "ulimit -c unlimited" before starting Java again
#

---------------  T H R E A D  ---------------

Current thread (0x00007f836c07c800):  VMThread [stack: 0x00007f83476f8000,0x00007f83477f8000] [id=21219]

Stack: [0x00007f83476f8000,0x00007f83477f8000],  sp=0x00007f83477f6040,  free space=1016k
Native frames: (J=compiled Java code, j=interpreted, Vv=VM code, C=native code)
V  [libjvm.so+0xacfffa]  VMError::report_and_die()+0x2ba
V  [libjvm.so+0x5005cb]  report_vm_out_of_memory(char const*, int, unsigned long, VMErrorType, char const*)+0x8b
V  [libjvm.so+0x92dd93]  os::Linux::commit_memory_impl(char*, unsigned long, bool)+0x123
V  [libjvm.so+0x92dfb9]  os::pd_commit_memory(char*, unsigned long, unsigned long, bool)+0x29
V  [libjvm.so+0x92527a]  os::commit_memory(char*, unsigned long, unsigned long, bool)+0x2a
V  [libjvm.so+0x99b223]  PSVirtualSpace::expand_by(unsigned long)+0x53
V  [libjvm.so+0x98bae0]  PSOldGen::expand(unsigned long)+0x170
V  [libjvm.so+0x98bceb]  PSOldGen::resize(unsigned long)+0x1cb
V  [libjvm.so+0x9939f1]  PSParallelCompact::invoke_no_policy(bool)+0x991
V  [libjvm.so+0x99934d]  PSScavenge::invoke()+0x1ad
V  [libjvm.so+0x94fcb0]  ParallelScavengeHeap::failed_mem_allocate(unsigned long)+0x70
V  [libjvm.so+0xad1a77]  VM_ParallelGCFailedAllocation::doit()+0x97
V  [libjvm.so+0xad9595]  VM_Operation::evaluate()+0x55
V  [libjvm.so+0xad795a]  VMThread::evaluate_operation(VM_Operation*)+0xba
V  [libjvm.so+0xad7cde]  VMThread::loop()+0x1ce
V  [libjvm.so+0xad8150]  VMThread::run()+0x70
V  [libjvm.so+0x92e0f8]  java_start(Thread*)+0x108

VM_Operation (0x00007f8374d9afb0): ParallelGCFailedAllocation, mode: safepoint, requested by thread 0x00007f836c00e000


---------------  P R O C E S S  ---------------

Java Threads: ( => current thread )
  0x00007f836c649800 JavaThread "ForkJoinPool.commonPool-worker-3" daemon [_thread_blocked, id=21244, stack(0x00007f8345b05000,0x00007f8345c06000)]
  0x00007f836c7be000 JavaThread "ForkJoinPool.commonPool-worker-2" daemon [_thread_blocked, id=21243, stack(0x00007f8345c06000,0x00007f8345d07000)]
  0x00007f836c7bd000 JavaThread "ForkJoinPool.commonPool-worker-1" daemon [_thread_blocked, id=21242, stack(0x00007f8345d07000,0x00007f8345e08000)]
  0x00007f836c508800 JavaThread "Service Thread" daemon [_thread_blocked, id=21235, stack(0x00007f834612f000,0x00007f8346230000)]
  0x00007f836c506000 JavaThread "C1 CompilerThread2" daemon [_thread_blocked, id=21234, stack(0x00007f8346231000,0x00007f8346331000)]
  0x00007f836c504000 JavaThread "C2 CompilerThread1" daemon [_thread_blocked, id=21233, stack(0x00007f8346332000,0x00007f8346432000)]
  0x00007f836c503000 JavaThread "C2 CompilerThread0" daemon [_thread_blocked, id=21232, stack(0x00007f8346697000,0x00007f8346797000)]
  0x00007f8314003000 JavaThread "*** Profiler Agent Special Execution Thread 10" daemon [_thread_blocked, id=21231, stack(0x00007f8346432000,0x00007f8346533000)]
  0x00007f8328224000 JavaThread "process reaper" daemon [_thread_blocked, id=21229, stack(0x00007f8346658000,0x00007f8346691000)]
  0x00007f836c340000 JavaThread "*** Profiler Agent Special Execution Thread 6" daemon [_thread_blocked, id=21226, stack(0x00007f8346bb1000,0x00007f8346cb2000)]
  0x00007f836c33d800 JavaThread "*** JFluid Monitor thread ***" daemon [_thread_blocked, id=21225, stack(0x00007f8346cb2000,0x00007f8346db3000)]
  0x00007f836c334800 JavaThread "*** Profiler Agent Communication Thread" daemon [_thread_blocked, id=21223, stack(0x00007f8346fca000,0x00007f83470cb000)]
  0x00007f836c184000 JavaThread "Signal Dispatcher" daemon [_thread_blocked, id=21222, stack(0x00007f8347116000,0x00007f8347217000)]
  0x00007f836c0bd800 JavaThread "Finalizer" daemon [_thread_blocked, id=21221, stack(0x00007f83474f5000,0x00007f83475f6000)]
  0x00007f836c0ab000 JavaThread "Reference Handler" daemon [_thread_blocked, id=21220, stack(0x00007f83475f6000,0x00007f83476f7000)]
  0x00007f836c00e000 JavaThread "main" [_thread_blocked, id=21212, stack(0x00007f8374c9d000,0x00007f8374d9d000)]

Other Threads:
=>0x00007f836c07c800 VMThread [stack: 0x00007f83476f8000,0x00007f83477f8000] [id=21219]
  0x00007f836c51a800 WatcherThread [stack: 0x00007f834602f000,0x00007f834612f000] [id=21236]

VM state:at safepoint (normal execution)

VM Mutex/Monitor currently owned by a thread:  ([mutex/lock_event])
[0x00007f836c007170] ExpandHeap_lock - owner thread: 0x00007f836c07c800
[0x00007f836c00a5e0] Threads_lock - owner thread: 0x00007f836c07c800
[0x00007f836c00aae0] Heap_lock - owner thread: 0x00007f836c00e000

Heap:
 PSYoungGen      total 623104K, used 0K [0x000000076d200000, 0x00000007aeb80000, 0x00000007c0000000)
  eden space 187904K, 0% used [0x000000076d200000,0x000000076d200000,0x0000000778980000)
  from space 435200K, 0% used [0x0000000794280000,0x0000000794280000,0x00000007aeb80000)
  to   space 443392K, 0% used [0x0000000778980000,0x0000000778980000,0x0000000793a80000)
 ParOldGen       total 968704K, used 611291K [0x00000006c7600000, 0x0000000702800000, 0x000000076d200000)
  object space 968704K, 63% used [0x00000006c7600000,0x00000006ecaf6de8,0x0000000702800000)
 Metaspace       used 11079K, capacity 11476K, committed 11648K, reserved 1058816K
  class space    used 1281K, capacity 1375K, committed 1408K, reserved 1048576K

Card table byte_map: [0x00007f837109e000,0x00007f8371864000] byte_map_base: 0x00007f836da63000

Marking Bits: (ParMarkBitMap*) 0x00007f837413d280
 Begin Bits: [0x00007f83553b0000, 0x00007f83591d8000)
 End Bits:   [0x00007f83591d8000, 0x00007f835d000000)

Polling page: 0x00007f8374db8000

CodeCache: size=245760Kb used=3722Kb max_used=3741Kb free=242037Kb
 bounds [0x00007f835d000000, 0x00007f835d3c0000, 0x00007f836c000000]
 total_blobs=1512 nmethods=1126 adapters=299
 compilation: enabled

Compilation events (10 events):
Event: 23.153 Thread 0x00007f836c506000 1339       3       java.util.TimSort::mergeHi (732 bytes)
Event: 23.154 Thread 0x00007f836c506000 nmethod 1339 0x00007f835d26c050 code [0x00007f835d26c380, 0x00007f835d26e598]
Event: 23.184 Thread 0x00007f836c506000 1340       1       org.netbeans.lib.profiler.server.ThreadInfo::profilingSuspended (4 bytes)
Event: 23.184 Thread 0x00007f836c506000 nmethod 1340 0x00007f835d37db10 code [0x00007f835d37dc60, 0x00007f835d37dd70]
Event: 23.185 Thread 0x00007f836c504000 1341       4       java.util.TimSort::mergeHi (732 bytes)
Event: 23.200 Thread 0x00007f836c503000 1342       4       org.netbeans.lib.profiler.server.ThreadInfo::isCurrentThreadProfilerServerThread (7 bytes)
Event: 23.202 Thread 0x00007f836c503000 nmethod 1342 0x00007f835d396350 code [0x00007f835d3964a0, 0x00007f835d3965d8]
Event: 23.204 Thread 0x00007f836c503000 1343       4       org.netbeans.lib.profiler.server.Monitors$ThreadDataTable::addExactState (205 bytes)
Event: 23.217 Thread 0x00007f836c503000 nmethod 1343 0x00007f835d397090 code [0x00007f835d397240, 0x00007f835d397c08]
Event: 23.219 Thread 0x00007f836c504000 nmethod 1341 0x00007f835d3aef10 code [0x00007f835d3af160, 0x00007f835d3b1138]

GC Heap History (10 events):
Event: 9.945 GC heap after
Heap after GC invocations=11 (full 3):
 PSYoungGen      total 471552K, used 312827K [0x000000076d200000, 0x00000007a7d00000, 0x00000007c0000000)
  eden space 158720K, 0% used [0x000000076d200000,0x000000076d200000,0x0000000776d00000)
  from space 312832K, 99% used [0x000000078d580000,0x00000007a06fec18,0x00000007a0700000)
  to   space 369152K, 0% used [0x0000000776d00000,0x0000000776d00000,0x000000078d580000)
 ParOldGen       total 968704K, used 582974K [0x00000006c7600000, 0x0000000702800000, 0x000000076d200000)
  object space 968704K, 60% used [0x00000006c7600000,0x00000006eaf4f898,0x0000000702800000)
 Metaspace       used 8488K, capacity 8690K, committed 8832K, reserved 1056768K
  class space    used 968K, capacity 1064K, committed 1152K, reserved 1048576K
}
Event: 10.425 GC heap before
{Heap before GC invocations=12 (full 3):
 PSYoungGen      total 471552K, used 471547K [0x000000076d200000, 0x00000007a7d00000, 0x00000007c0000000)
  eden space 158720K, 100% used [0x000000076d200000,0x0000000776d00000,0x0000000776d00000)
  from space 312832K, 99% used [0x000000078d580000,0x00000007a06fec18,0x00000007a0700000)
  to   space 369152K, 0% used [0x0000000776d00000,0x0000000776d00000,0x000000078d580000)
 ParOldGen       total 968704K, used 582974K [0x00000006c7600000, 0x0000000702800000, 0x000000076d200000)
  object space 968704K, 60% used [0x00000006c7600000,0x00000006eaf4f898,0x0000000702800000)
 Metaspace       used 8488K, capacity 8690K, committed 8832K, reserved 1056768K
  class space    used 968K, capacity 1064K, committed 1152K, reserved 1048576K
Event: 10.832 GC heap after
Heap after GC invocations=12 (full 3):
 PSYoungGen      total 527872K, used 235520K [0x000000076d200000, 0x00000007a6600000, 0x00000007c0000000)
  eden space 158720K, 0% used [0x000000076d200000,0x000000076d200000,0x0000000776d00000)
  from space 369152K, 63% used [0x0000000776d00000,0x0000000785300010,0x000000078d580000)
  to   space 373760K, 0% used [0x000000078f900000,0x000000078f900000,0x00000007a6600000)
 ParOldGen       total 968704K, used 735673K [0x00000006c7600000, 0x0000000702800000, 0x000000076d200000)
  object space 968704K, 75% used [0x00000006c7600000,0x00000006f446e4a0,0x0000000702800000)
 Metaspace       used 8488K, capacity 8690K, committed 8832K, reserved 1056768K
  class space    used 968K, capacity 1064K, committed 1152K, reserved 1048576K
}
Event: 12.410 GC heap before
{Heap before GC invocations=13 (full 3):
 PSYoungGen      total 527872K, used 394240K [0x000000076d200000, 0x00000007a6600000, 0x00000007c0000000)
  eden space 158720K, 100% used [0x000000076d200000,0x0000000776d00000,0x0000000776d00000)
  from space 369152K, 63% used [0x0000000776d00000,0x0000000785300010,0x000000078d580000)
  to   space 373760K, 0% used [0x000000078f900000,0x000000078f900000,0x00000007a6600000)
 ParOldGen       total 968704K, used 735673K [0x00000006c7600000, 0x0000000702800000, 0x000000076d200000)
  object space 968704K, 75% used [0x00000006c7600000,0x00000006f446e4a0,0x0000000702800000)
 Metaspace       used 8498K, capacity 8690K, committed 8832K, reserved 1056768K
  class space    used 968K, capacity 1064K, committed 1152K, reserved 1048576K
Event: 12.717 GC heap after
Heap after GC invocations=13 (full 3):
 PSYoungGen      total 534528K, used 310176K [0x000000076d200000, 0x00000007a9d80000, 0x00000007c0000000)
  eden space 160768K, 0% used [0x000000076d200000,0x000000076d200000,0x0000000776f00000)
  from space 373760K, 82% used [0x000000078f900000,0x00000007a27e8010,0x00000007a6600000)
  to   space 403456K, 0% used [0x0000000776f00000,0x0000000776f00000,0x000000078f900000)
 ParOldGen       total 968704K, used 735681K [0x00000006c7600000, 0x0000000702800000, 0x000000076d200000)
  object space 968704K, 75% used [0x00000006c7600000,0x00000006f44704a0,0x0000000702800000)
 Metaspace       used 8498K, capacity 8690K, committed 8832K, reserved 1056768K
  class space    used 968K, capacity 1064K, committed 1152K, reserved 1048576K
}
Event: 21.341 GC heap before
{Heap before GC invocations=14 (full 3):
 PSYoungGen      total 534528K, used 470944K [0x000000076d200000, 0x00000007a9d80000, 0x00000007c0000000)
  eden space 160768K, 100% used [0x000000076d200000,0x0000000776f00000,0x0000000776f00000)
  from space 373760K, 82% used [0x000000078f900000,0x00000007a27e8010,0x00000007a6600000)
  to   space 403456K, 0% used [0x0000000776f00000,0x0000000776f00000,0x000000078f900000)
 ParOldGen       total 968704K, used 735681K [0x00000006c7600000, 0x0000000702800000, 0x000000076d200000)
  object space 968704K, 75% used [0x00000006c7600000,0x00000006f44704a0,0x0000000702800000)
 Metaspace       used 10845K, capacity 11224K, committed 11392K, reserved 1058816K
  class space    used 1272K, capacity 1373K, committed 1408K, reserved 1048576K
Event: 21.994 GC heap after
Heap after GC invocations=14 (full 3):
 PSYoungGen      total 564224K, used 393596K [0x000000076d200000, 0x00000007afc80000, 0x00000007c0000000)
  eden space 160768K, 0% used [0x000000076d200000,0x000000076d200000,0x0000000776f00000)
  from space 403456K, 97% used [0x0000000776f00000,0x000000078ef5f000,0x000000078f900000)
  to   space 452608K, 0% used [0x0000000794280000,0x0000000794280000,0x00000007afc80000)
 ParOldGen       total 968704K, used 735689K [0x00000006c7600000, 0x0000000702800000, 0x000000076d200000)
  object space 968704K, 75% used [0x00000006c7600000,0x00000006f44724a0,0x0000000702800000)
 Metaspace       used 10845K, capacity 11224K, committed 11392K, reserved 1058816K
  class space    used 1272K, capacity 1373K, committed 1408K, reserved 1048576K
}
Event: 23.248 GC heap before
{Heap before GC invocations=15 (full 3):
 PSYoungGen      total 564224K, used 554364K [0x000000076d200000, 0x00000007afc80000, 0x00000007c0000000)
  eden space 160768K, 100% used [0x000000076d200000,0x0000000776f00000,0x0000000776f00000)
  from space 403456K, 97% used [0x0000000776f00000,0x000000078ef5f000,0x000000078f900000)
  to   space 452608K, 0% used [0x0000000794280000,0x0000000794280000,0x00000007afc80000)
 ParOldGen       total 968704K, used 735689K [0x00000006c7600000, 0x0000000702800000, 0x000000076d200000)
  object space 968704K, 75% used [0x00000006c7600000,0x00000006f44724a0,0x0000000702800000)
 Metaspace       used 11079K, capacity 11476K, committed 11648K, reserved 1058816K
  class space    used 1281K, capacity 1375K, committed 1408K, reserved 1048576K
Event: 23.706 GC heap after
Heap after GC invocations=15 (full 3):
 PSYoungGen      total 623104K, used 240558K [0x000000076d200000, 0x00000007aeb80000, 0x00000007c0000000)
  eden space 187904K, 0% used [0x000000076d200000,0x000000076d200000,0x0000000778980000)
  from space 435200K, 55% used [0x0000000794280000,0x00000007a2d6b8d8,0x00000007aeb80000)
  to   space 443392K, 0% used [0x0000000778980000,0x0000000778980000,0x0000000793a80000)
 ParOldGen       total 968704K, used 888481K [0x00000006c7600000, 0x0000000702800000, 0x000000076d200000)
  object space 968704K, 91% used [0x00000006c7600000,0x00000006fd9a84a0,0x0000000702800000)
 Metaspace       used 11079K, capacity 11476K, committed 11648K, reserved 1058816K
  class space    used 1281K, capacity 1375K, committed 1408K, reserved 1048576K
}
Event: 23.707 GC heap before
{Heap before GC invocations=16 (full 4):
 PSYoungGen      total 623104K, used 240558K [0x000000076d200000, 0x00000007aeb80000, 0x00000007c0000000)
  eden space 187904K, 0% used [0x000000076d200000,0x000000076d200000,0x0000000778980000)
  from space 435200K, 55% used [0x0000000794280000,0x00000007a2d6b8d8,0x00000007aeb80000)
  to   space 443392K, 0% used [0x0000000778980000,0x0000000778980000,0x0000000793a80000)
 ParOldGen       total 968704K, used 888481K [0x00000006c7600000, 0x0000000702800000, 0x000000076d200000)
  object space 968704K, 91% used [0x00000006c7600000,0x00000006fd9a84a0,0x0000000702800000)
 Metaspace       used 11079K, capacity 11476K, committed 11648K, reserved 1058816K
  class space    used 1281K, capacity 1375K, committed 1408K, reserved 1048576K

Deoptimization events (10 events):
Event: 21.303 Thread 0x00007f8314003000 Uncommon trap: reason=unstable_if action=reinterpret pc=0x00007f835d1718a4 method=org.netbeans.lib.profiler.server.ProfilerRuntimeSampler$Sampling.sample()V @ 255
Event: 21.305 Thread 0x00007f836c00e000 Uncommon trap: reason=bimorphic action=maybe_recompile pc=0x00007f835d2c3690 method=java.util.stream.ReduceOps$3ReducingSink.accept(Ljava/lang/Object;)V @ 9
Event: 21.308 Thread 0x00007f836c00e000 Uncommon trap: reason=bimorphic action=maybe_recompile pc=0x00007f835d2c3690 method=java.util.stream.ReduceOps$3ReducingSink.accept(Ljava/lang/Object;)V @ 9
Event: 21.308 Thread 0x00007f836c00e000 Uncommon trap: reason=bimorphic action=maybe_recompile pc=0x00007f835d2c3690 method=java.util.stream.ReduceOps$3ReducingSink.accept(Ljava/lang/Object;)V @ 9
Event: 22.618 Thread 0x00007f836c00e000 Uncommon trap: reason=unstable_if action=reinterpret pc=0x00007f835d36cab4 method=java.util.TimSort.mergeLo(IIII)V @ 447
Event: 22.716 Thread 0x00007f836c00e000 Uncommon trap: reason=unstable_if action=reinterpret pc=0x00007f835d35631c method=java.util.TimSort.mergeHi(IIII)V @ 503
Event: 22.724 Thread 0x00007f836c00e000 Uncommon trap: reason=unstable_if action=reinterpret pc=0x00007f835d37a484 method=java.util.TimSort.countRunAndMakeAscending([Ljava/lang/Object;IILjava/util/Comparator;)I @ 27
Event: 23.060 Thread 0x00007f836c00e000 Uncommon trap: reason=unstable_if action=reinterpret pc=0x00007f835d38bc9c method=java.util.TimSort.mergeHi(IIII)V @ 398
Event: 23.100 Thread 0x00007f836c00e000 Uncommon trap: reason=unstable_if action=reinterpret pc=0x00007f835d383630 method=java.util.TimSort.gallopRight(Ljava/lang/Object;[Ljava/lang/Object;IIILjava/util/Comparator;)I @ 113
Event: 23.152 Thread 0x00007f836c00e000 Uncommon trap: reason=unstable_if action=reinterpret pc=0x00007f835d2de95c method=java.util.TimSort.mergeHi(IIII)V @ 426

Classes redefined (0 events):
No events

Internal exceptions (10 events):
Event: 0.577 Thread 0x00007f836c00e000 Exception <a 'java/lang/ArrayIndexOutOfBoundsException': 49> (0x000000076d78edf0) thrown at [/HUDSON/workspace/8-2-build-linux-amd64/jdk8u171/10807/hotspot/src/share/vm/interpreter/interpreterRuntime.cpp, line 366]
Event: 0.593 Thread 0x00007f836c00e000 Exception <a 'java/lang/ArrayIndexOutOfBoundsException': 22> (0x000000076d7bad38) thrown at [/HUDSON/workspace/8-2-build-linux-amd64/jdk8u171/10807/hotspot/src/share/vm/interpreter/interpreterRuntime.cpp, line 366]
Event: 0.594 Thread 0x00007f836c00e000 Exception <a 'java/lang/ArrayIndexOutOfBoundsException': 160> (0x000000076d7bc920) thrown at [/HUDSON/workspace/8-2-build-linux-amd64/jdk8u171/10807/hotspot/src/share/vm/interpreter/interpreterRuntime.cpp, line 366]
Event: 0.594 Thread 0x00007f836c00e000 Exception <a 'java/security/PrivilegedActionException'> (0x000000076d7be520) thrown at [/HUDSON/workspace/8-2-build-linux-amd64/jdk8u171/10807/hotspot/src/share/vm/prims/jvm.cpp, line 1435]
Event: 0.594 Thread 0x00007f836c00e000 Exception <a 'java/lang/ArrayIndexOutOfBoundsException': 22> (0x000000076d7bf4f8) thrown at [/HUDSON/workspace/8-2-build-linux-amd64/jdk8u171/10807/hotspot/src/share/vm/interpreter/interpreterRuntime.cpp, line 366]
Event: 0.594 Thread 0x00007f836c00e000 Exception <a 'java/lang/ArrayIndexOutOfBoundsException': 22> (0x000000076d7c0378) thrown at [/HUDSON/workspace/8-2-build-linux-amd64/jdk8u171/10807/hotspot/src/share/vm/interpreter/interpreterRuntime.cpp, line 366]
Event: 0.595 Thread 0x00007f836c00e000 Exception <a 'java/lang/ArrayIndexOutOfBoundsException': 22> (0x000000076d7c3098) thrown at [/HUDSON/workspace/8-2-build-linux-amd64/jdk8u171/10807/hotspot/src/share/vm/interpreter/interpreterRuntime.cpp, line 366]
Event: 20.131 Thread 0x00007f836c00e000 Implicit null exception at 0x00007f835d21e4a3 to 0x00007f835d21eb1d
Event: 20.586 Thread 0x00007f836c00e000 Implicit null exception at 0x00007f835d19b40e to 0x00007f835d19b609
Event: 20.660 Thread 0x00007f836c00e000 Exception <a 'java/lang/NoSuchMethodError': java.lang.Object.lambda$maxBy$1(Ljava/util/Comparator;Ljava/lang/Object;Ljava/lang/Object;)Ljava/lang/Object;> (0x0000000776352800) thrown at [/HUDSON/workspace/8-2-build-linux-amd64/jdk8u171/10807/hotspot/src/s

Events (10 events):
Event: 23.247 Executing VM operation: GetAllStackTraces done
Event: 23.248 Executing VM operation: GetAllStackTraces
Event: 23.248 Executing VM operation: GetAllStackTraces done
Event: 23.248 Executing VM operation: GetAllStackTraces
Event: 23.248 Executing VM operation: GetAllStackTraces done
Event: 23.248 Executing VM operation: GetAllStackTraces
Event: 23.248 Executing VM operation: GetAllStackTraces done
Event: 23.248 Executing VM operation: GetAllStackTraces
Event: 23.248 Executing VM operation: GetAllStackTraces done
Event: 23.248 Executing VM operation: ParallelGCFailedAllocation


Dynamic libraries:
00400000-00401000 r-xp 00000000 08:01 795137                             /usr/lib/jvm/java-8-oracle/bin/java
00600000-00601000 rw-p 00000000 08:01 795137                             /usr/lib/jvm/java-8-oracle/bin/java
01414000-01435000 rw-p 00000000 00:00 0                                  [heap]
6c7600000-702800000 rw-p 00000000 00:00 0 
711a80000-76d200000 ---p 00000000 00:00 0 
76d200000-7aeb80000 rw-p 00000000 00:00 0 
7aeb80000-7c0000000 ---p 00000000 00:00 0 
7c0000000-7c0160000 rw-p 00000000 00:00 0 
7c0160000-800000000 ---p 00000000 00:00 0 
7f82f4000000-7f82f4021000 rw-p 00000000 00:00 0 
7f82f4021000-7f82f8000000 ---p 00000000 00:00 0 
7f82f8000000-7f82f8021000 rw-p 00000000 00:00 0 
7f82f8021000-7f82fc000000 ---p 00000000 00:00 0 
7f82fc000000-7f82fc021000 rw-p 00000000 00:00 0 
7f82fc021000-7f8300000000 ---p 00000000 00:00 0 
7f8300000000-7f8300021000 rw-p 00000000 00:00 0 
7f8300021000-7f8304000000 ---p 00000000 00:00 0 
7f8304000000-7f8304155000 rw-p 00000000 00:00 0 
7f8304155000-7f8308000000 ---p 00000000 00:00 0 
7f830c000000-7f830c2e4000 rw-p 00000000 00:00 0 
7f830c2e4000-7f8310000000 ---p 00000000 00:00 0 
7f8310000000-7f8310021000 rw-p 00000000 00:00 0 
7f8310021000-7f8314000000 ---p 00000000 00:00 0 
7f8314000000-7f8314021000 rw-p 00000000 00:00 0 
7f8314021000-7f8318000000 ---p 00000000 00:00 0 
7f8318000000-7f8318341000 rw-p 00000000 00:00 0 
7f8318341000-7f831c000000 ---p 00000000 00:00 0 
7f831c000000-7f831c021000 rw-p 00000000 00:00 0 
7f831c021000-7f8320000000 ---p 00000000 00:00 0 
7f8320000000-7f832004d000 rw-p 00000000 00:00 0 
7f832004d000-7f8324000000 ---p 00000000 00:00 0 
7f8324000000-7f8324290000 rw-p 00000000 00:00 0 
7f8324290000-7f8328000000 ---p 00000000 00:00 0 
7f8328000000-7f8328276000 rw-p 00000000 00:00 0 
7f8328276000-7f832c000000 ---p 00000000 00:00 0 
7f832cfff000-7f8330000000 rw-p 00000000 00:00 0 
7f8330000000-7f8330021000 rw-p 00000000 00:00 0 
7f8330021000-7f8334000000 ---p 00000000 00:00 0 
7f8334000000-7f8334021000 rw-p 00000000 00:00 0 
7f8334021000-7f8338000000 ---p 00000000 00:00 0 
7f8338000000-7f833884a000 rw-p 00000000 00:00 0 
7f833884a000-7f833c000000 ---p 00000000 00:00 0 
7f833c000000-7f833c021000 rw-p 00000000 00:00 0 
7f833c021000-7f8340000000 ---p 00000000 00:00 0 
7f8340000000-7f8340021000 rw-p 00000000 00:00 0 
7f8340021000-7f8344000000 ---p 00000000 00:00 0 
7f8345b05000-7f8345b08000 ---p 00000000 00:00 0 
7f8345b08000-7f8345c06000 rw-p 00000000 00:00 0 
7f8345c06000-7f8345c09000 ---p 00000000 00:00 0 
7f8345c09000-7f8345d07000 rw-p 00000000 00:00 0 
7f8345d07000-7f8345d0a000 ---p 00000000 00:00 0 
7f8345d0a000-7f8346008000 rw-p 00000000 00:00 0 
7f8346008000-7f8346012000 r--s 00116000 08:01 6164912                    /usr/lib/jvm/java-8-oracle/jre/lib/ext/localedata.jar
7f8346012000-7f834602e000 r--s 00393000 08:01 6164905                    /usr/lib/jvm/java-8-oracle/jre/lib/ext/cldrdata.jar
7f834602e000-7f834602f000 ---p 00000000 00:00 0 
7f834602f000-7f834612f000 rw-p 00000000 00:00 0 
7f834612f000-7f8346132000 ---p 00000000 00:00 0 
7f8346132000-7f8346230000 rw-p 00000000 00:00 0 
7f8346230000-7f8346231000 ---p 00000000 00:00 0 
7f8346231000-7f8346234000 ---p 00000000 00:00 0 
7f8346234000-7f8346331000 rw-p 00000000 00:00 0 
7f8346331000-7f8346332000 ---p 00000000 00:00 0 
7f8346332000-7f8346335000 ---p 00000000 00:00 0 
7f8346335000-7f8346432000 rw-p 00000000 00:00 0 
7f8346432000-7f8346435000 ---p 00000000 00:00 0 
7f8346435000-7f8346533000 rw-p 00000000 00:00 0 
7f8346533000-7f8346658000 rw-s 00000000 08:01 1050826                    /tmp/jfluidbuf6532179255311716233.tmp
7f8346658000-7f834665b000 ---p 00000000 00:00 0 
7f834665b000-7f8346691000 rw-p 00000000 00:00 0 
7f8346691000-7f8346696000 r--s 0009d000 08:01 5640796                    /usr/lib/jvm/java-8-oracle/jre/lib/jsse.jar
7f8346696000-7f8346697000 ---p 00000000 00:00 0 
7f8346697000-7f834669a000 ---p 00000000 00:00 0 
7f834669a000-7f8346797000 rw-p 00000000 00:00 0 
7f8346797000-7f83467a8000 r-xp 00000000 08:01 6165061                    /usr/lib/jvm/java-8-oracle/jre/lib/amd64/libnio.so
7f83467a8000-7f83469a7000 ---p 00011000 08:01 6165061                    /usr/lib/jvm/java-8-oracle/jre/lib/amd64/libnio.so
7f83469a7000-7f83469a8000 rw-p 00010000 08:01 6165061                    /usr/lib/jvm/java-8-oracle/jre/lib/amd64/libnio.so
7f83469a8000-7f83469b1000 r-xp 00000000 08:01 6165066                    /usr/lib/jvm/java-8-oracle/jre/lib/amd64/libmanagement.so
7f83469b1000-7f8346bb0000 ---p 00009000 08:01 6165066                    /usr/lib/jvm/java-8-oracle/jre/lib/amd64/libmanagement.so
7f8346bb0000-7f8346bb1000 rw-p 00008000 08:01 6165066                    /usr/lib/jvm/java-8-oracle/jre/lib/amd64/libmanagement.so
7f8346bb1000-7f8346bb4000 ---p 00000000 00:00 0 
7f8346bb4000-7f8346cb2000 rw-p 00000000 00:00 0 
7f8346cb2000-7f8346cb5000 ---p 00000000 00:00 0 
7f8346cb5000-7f8346db3000 rw-p 00000000 00:00 0 
7f8346db3000-7f8346dc9000 r-xp 00000000 08:01 6165058                    /usr/lib/jvm/java-8-oracle/jre/lib/amd64/libnet.so
7f8346dc9000-7f8346fc9000 ---p 00016000 08:01 6165058                    /usr/lib/jvm/java-8-oracle/jre/lib/amd64/libnet.so
7f8346fc9000-7f8346fca000 rw-p 00016000 08:01 6165058                    /usr/lib/jvm/java-8-oracle/jre/lib/amd64/libnet.so
7f8346fca000-7f8346fcd000 ---p 00000000 00:00 0 
7f8346fcd000-7f83470cb000 rw-p 00000000 00:00 0 
7f83470cb000-7f83470d0000 r--s 00034000 08:01 9961932                    /home/victor/.m2/repository/com/google/code/gson/gson/2.8.1/gson-2.8.1.jar
7f83470d0000-7f83470da000 r--s 0008d000 08:01 10231726                   /home/victor/.m2/repository/org/codehaus/janino/janino/2.5.16/janino-2.5.16.jar
7f83470da000-7f8347106000 r--s 00208000 08:01 10231657                   /home/victor/.m2/repository/com/google/guava/guava/19.0/guava-19.0.jar
7f8347106000-7f8347116000 r--s 000a7000 08:01 8269097                    /home/victor/.m2/repository/org/mongodb/mongodb-driver-core/3.0.4/mongodb-driver-core-3.0.4.jar
7f8347116000-7f8347119000 ---p 00000000 00:00 0 
7f8347119000-7f8347217000 rw-p 00000000 00:00 0 
7f8347217000-7f83474f5000 r--p 00000000 08:01 263634                     /usr/lib/locale/locale-archive
7f83474f5000-7f83474f8000 ---p 00000000 00:00 0 
7f83474f8000-7f83475f6000 rw-p 00000000 00:00 0 
7f83475f6000-7f83475f9000 ---p 00000000 00:00 0 
7f83475f9000-7f83476f7000 rw-p 00000000 00:00 0 
7f83476f7000-7f83476f8000 ---p 00000000 00:00 0 
7f83476f8000-7f8348000000 rw-p 00000000 00:00 0 
7f8348000000-7f8348021000 rw-p 00000000 00:00 0 
7f8348021000-7f834c000000 ---p 00000000 00:00 0 
7f834c000000-7f834c021000 rw-p 00000000 00:00 0 
7f834c021000-7f8350000000 ---p 00000000 00:00 0 
7f8350000000-7f8350021000 rw-p 00000000 00:00 0 
7f8350021000-7f8354000000 ---p 00000000 00:00 0 
7f8354003000-7f8354007000 r--s 00046000 08:01 4850292                    /home/victor/.m2/repository/one/util/streamex/0.6.6/streamex-0.6.6.jar
7f8354007000-7f835400c000 r--s 00032000 08:01 8269096                    /home/victor/.m2/repository/org/mongodb/bson/3.0.4/bson-3.0.4.jar
7f835400c000-7f8354012000 r--s 00048000 08:01 8135764                    /home/victor/.m2/repository/org/mongodb/mongodb-driver/3.0.4/mongodb-driver-3.0.4.jar
7f8354012000-7f8354017000 r--s 00016000 08:01 8804071                    /home/victor/.m2/repository/xml-apis/xml-apis/1.0.b2/xml-apis-1.0.b2.jar
7f8354017000-7f8354054000 r--s 0024f000 08:01 10231110                   /home/victor/.m2/repository/org/apache/xmlbeans/xmlbeans/2.3.0/xmlbeans-2.3.0.jar
7f8354054000-7f83540e8000 r--s 00401000 08:01 10231112                   /home/victor/.m2/repository/org/apache/poi/poi-ooxml-schemas/3.9/poi-ooxml-schemas-3.9.jar
7f83540e8000-7f8354beb000 rw-p 00000000 00:00 0 
7f8354beb000-7f835d000000 rw-p 00000000 00:00 0 
7f835d000000-7f835d3c0000 rwxp 00000000 00:00 0 
7f835d3c0000-7f836c000000 ---p 00000000 00:00 0 
7f836c000000-7f836c7ff000 rw-p 00000000 00:00 0 
7f836c7ff000-7f8370000000 ---p 00000000 00:00 0 
7f8370000000-7f8370002000 r--s 0000e000 08:01 9961931                    /home/victor/.m2/repository/com/moandjiezana/toml/toml4j/0.7.2/toml4j-0.7.2.jar
7f8370002000-7f8370004000 r--s 00009000 08:01 5514024                    /home/victor/.m2/repository/org/apache/commons/commons-csv/1.5/commons-csv-1.5.jar
7f8370004000-7f8370024000 r--s 001a9000 08:01 10231111                   /home/victor/.m2/repository/org/apache/poi/poi/3.9/poi-3.9.jar
7f8370024000-7f837051c000 rw-p 00000000 00:00 0 
7f837051c000-7f83706f6000 r--s 03d68000 08:01 5640791                    /usr/lib/jvm/java-8-oracle/jre/lib/rt.jar
7f83706f6000-7f837076c000 rw-p 00000000 00:00 0 
7f837076c000-7f837076d000 ---p 00000000 00:00 0 
7f837076d000-7f837086d000 rw-p 00000000 00:00 0 
7f837086d000-7f837086e000 ---p 00000000 00:00 0 
7f837086e000-7f837096e000 rw-p 00000000 00:00 0 
7f837096e000-7f837096f000 ---p 00000000 00:00 0 
7f837096f000-7f8370a6f000 rw-p 00000000 00:00 0 
7f8370a6f000-7f8370a70000 ---p 00000000 00:00 0 
7f8370a70000-7f8370d49000 rw-p 00000000 00:00 0 
7f8370d49000-7f837109e000 ---p 00000000 00:00 0 
7f837109e000-7f8371277000 rw-p 00000000 00:00 0 
7f8371277000-7f83715cc000 ---p 00000000 00:00 0 
7f83715cc000-7f83717d9000 rw-p 00000000 00:00 0 
7f83717d9000-7f8371863000 ---p 00000000 00:00 0 
7f8371863000-7f8371873000 rw-p 00000000 00:00 0 
7f8371873000-7f8371c24000 ---p 00000000 00:00 0 
7f8371c24000-7f8371c3f000 r-xp 00000000 08:01 6165054                    /usr/lib/jvm/java-8-oracle/jre/lib/amd64/libzip.so
7f8371c3f000-7f8371e3f000 ---p 0001b000 08:01 6165054                    /usr/lib/jvm/java-8-oracle/jre/lib/amd64/libzip.so
7f8371e3f000-7f8371e40000 rw-p 0001b000 08:01 6165054                    /usr/lib/jvm/java-8-oracle/jre/lib/amd64/libzip.so
7f8371e40000-7f8371e4b000 r-xp 00000000 08:01 6558111                    /lib/x86_64-linux-gnu/libnss_files-2.27.so
7f8371e4b000-7f837204a000 ---p 0000b000 08:01 6558111                    /lib/x86_64-linux-gnu/libnss_files-2.27.so
7f837204a000-7f837204b000 r--p 0000a000 08:01 6558111                    /lib/x86_64-linux-gnu/libnss_files-2.27.so
7f837204b000-7f837204c000 rw-p 0000b000 08:01 6558111                    /lib/x86_64-linux-gnu/libnss_files-2.27.so
7f837204c000-7f8372052000 rw-p 00000000 00:00 0 
7f8372052000-7f8372069000 r-xp 00000000 08:01 6558108                    /lib/x86_64-linux-gnu/libnsl-2.27.so
7f8372069000-7f8372268000 ---p 00017000 08:01 6558108                    /lib/x86_64-linux-gnu/libnsl-2.27.so
7f8372268000-7f8372269000 r--p 00016000 08:01 6558108                    /lib/x86_64-linux-gnu/libnsl-2.27.so
7f8372269000-7f837226a000 rw-p 00017000 08:01 6558108                    /lib/x86_64-linux-gnu/libnsl-2.27.so
7f837226a000-7f837226c000 rw-p 00000000 00:00 0 
7f837226c000-7f8372277000 r-xp 00000000 08:01 6558113                    /lib/x86_64-linux-gnu/libnss_nis-2.27.so
7f8372277000-7f8372476000 ---p 0000b000 08:01 6558113                    /lib/x86_64-linux-gnu/libnss_nis-2.27.so
7f8372476000-7f8372477000 r--p 0000a000 08:01 6558113                    /lib/x86_64-linux-gnu/libnss_nis-2.27.so
7f8372477000-7f8372478000 rw-p 0000b000 08:01 6558113                    /lib/x86_64-linux-gnu/libnss_nis-2.27.so
7f8372478000-7f8372480000 r-xp 00000000 08:01 6558109                    /lib/x86_64-linux-gnu/libnss_compat-2.27.so
7f8372480000-7f8372680000 ---p 00008000 08:01 6558109                    /lib/x86_64-linux-gnu/libnss_compat-2.27.so
7f8372680000-7f8372681000 r--p 00008000 08:01 6558109                    /lib/x86_64-linux-gnu/libnss_compat-2.27.so
7f8372681000-7f8372682000 rw-p 00009000 08:01 6558109                    /lib/x86_64-linux-gnu/libnss_compat-2.27.so
7f8372682000-7f837268b000 r-xp 00000000 08:01 3281198                    /home/victor/netbeans-8.2/profiler/lib/deployed/jdk16/linux-amd64/libprofilerinterface.so
7f837268b000-7f837278b000 ---p 00009000 08:01 3281198                    /home/victor/netbeans-8.2/profiler/lib/deployed/jdk16/linux-amd64/libprofilerinterface.so
7f837278b000-7f837278c000 rw-p 00009000 08:01 3281198                    /home/victor/netbeans-8.2/profiler/lib/deployed/jdk16/linux-amd64/libprofilerinterface.so
7f837278c000-7f83727b7000 r-xp 00000000 08:01 6165048                    /usr/lib/jvm/java-8-oracle/jre/lib/amd64/libjava.so
7f83727b7000-7f83729b6000 ---p 0002b000 08:01 6165048                    /usr/lib/jvm/java-8-oracle/jre/lib/amd64/libjava.so
7f83729b6000-7f83729b8000 rw-p 0002a000 08:01 6165048                    /usr/lib/jvm/java-8-oracle/jre/lib/amd64/libjava.so
7f83729b8000-7f83729c5000 r-xp 00000000 08:01 6165053                    /usr/lib/jvm/java-8-oracle/jre/lib/amd64/libverify.so
7f83729c5000-7f8372bc5000 ---p 0000d000 08:01 6165053                    /usr/lib/jvm/java-8-oracle/jre/lib/amd64/libverify.so
7f8372bc5000-7f8372bc7000 rw-p 0000d000 08:01 6165053                    /usr/lib/jvm/java-8-oracle/jre/lib/amd64/libverify.so
7f8372bc7000-7f8372bce000 r-xp 00000000 08:01 6558118                    /lib/x86_64-linux-gnu/librt-2.27.so
7f8372bce000-7f8372dcd000 ---p 00007000 08:01 6558118                    /lib/x86_64-linux-gnu/librt-2.27.so
7f8372dcd000-7f8372dce000 r--p 00006000 08:01 6558118                    /lib/x86_64-linux-gnu/librt-2.27.so
7f8372dce000-7f8372dcf000 rw-p 00007000 08:01 6558118                    /lib/x86_64-linux-gnu/librt-2.27.so
7f8372dcf000-7f8372f6c000 r-xp 00000000 08:01 6558105                    /lib/x86_64-linux-gnu/libm-2.27.so
7f8372f6c000-7f837316b000 ---p 0019d000 08:01 6558105                    /lib/x86_64-linux-gnu/libm-2.27.so
7f837316b000-7f837316c000 r--p 0019c000 08:01 6558105                    /lib/x86_64-linux-gnu/libm-2.27.so
7f837316c000-7f837316d000 rw-p 0019d000 08:01 6558105                    /lib/x86_64-linux-gnu/libm-2.27.so
7f837316d000-7f8373e46000 r-xp 00000000 08:01 6165030                    /usr/lib/jvm/java-8-oracle/jre/lib/amd64/server/libjvm.so
7f8373e46000-7f8374045000 ---p 00cd9000 08:01 6165030                    /usr/lib/jvm/java-8-oracle/jre/lib/amd64/server/libjvm.so
7f8374045000-7f837411f000 rw-p 00cd8000 08:01 6165030                    /usr/lib/jvm/java-8-oracle/jre/lib/amd64/server/libjvm.so
7f837411f000-7f837416a000 rw-p 00000000 00:00 0 
7f837416a000-7f8374351000 r-xp 00000000 08:01 6558101                    /lib/x86_64-linux-gnu/libc-2.27.so
7f8374351000-7f8374551000 ---p 001e7000 08:01 6558101                    /lib/x86_64-linux-gnu/libc-2.27.so
7f8374551000-7f8374555000 r--p 001e7000 08:01 6558101                    /lib/x86_64-linux-gnu/libc-2.27.so
7f8374555000-7f8374557000 rw-p 001eb000 08:01 6558101                    /lib/x86_64-linux-gnu/libc-2.27.so
7f8374557000-7f837455b000 rw-p 00000000 00:00 0 
7f837455b000-7f837455e000 r-xp 00000000 08:01 6558104                    /lib/x86_64-linux-gnu/libdl-2.27.so
7f837455e000-7f837475d000 ---p 00003000 08:01 6558104                    /lib/x86_64-linux-gnu/libdl-2.27.so
7f837475d000-7f837475e000 r--p 00002000 08:01 6558104                    /lib/x86_64-linux-gnu/libdl-2.27.so
7f837475e000-7f837475f000 rw-p 00003000 08:01 6558104                    /lib/x86_64-linux-gnu/libdl-2.27.so
7f837475f000-7f8374775000 r-xp 00000000 08:01 4329005                    /usr/lib/jvm/java-8-oracle/lib/amd64/jli/libjli.so
7f8374775000-7f8374974000 ---p 00016000 08:01 4329005                    /usr/lib/jvm/java-8-oracle/lib/amd64/jli/libjli.so
7f8374974000-7f8374975000 rw-p 00015000 08:01 4329005                    /usr/lib/jvm/java-8-oracle/lib/amd64/jli/libjli.so
7f8374975000-7f837498f000 r-xp 00000000 08:01 6558116                    /lib/x86_64-linux-gnu/libpthread-2.27.so
7f837498f000-7f8374b8e000 ---p 0001a000 08:01 6558116                    /lib/x86_64-linux-gnu/libpthread-2.27.so
7f8374b8e000-7f8374b8f000 r--p 00019000 08:01 6558116                    /lib/x86_64-linux-gnu/libpthread-2.27.so
7f8374b8f000-7f8374b90000 rw-p 0001a000 08:01 6558116                    /lib/x86_64-linux-gnu/libpthread-2.27.so
7f8374b90000-7f8374b94000 rw-p 00000000 00:00 0 
7f8374b94000-7f8374bbb000 r-xp 00000000 08:01 6558085                    /lib/x86_64-linux-gnu/ld-2.27.so
7f8374bbc000-7f8374bbf000 r--s 00012000 08:01 8269105                    /home/victor/.m2/repository/org/glassfish/javax.json/1.0.4/javax.json-1.0.4.jar
7f8374bbf000-7f8374bcb000 r--s 000d9000 08:01 10231113                   /home/victor/.m2/repository/org/apache/poi/poi-ooxml/3.9/poi-ooxml-3.9.jar
7f8374bcb000-7f8374c9c000 rw-p 00000000 00:00 0 
7f8374c9c000-7f8374c9d000 ---p 00000000 00:00 0 
7f8374c9d000-7f8374ca0000 ---p 00000000 00:00 0 
7f8374ca0000-7f8374d9f000 rw-p 00000000 00:00 0 
7f8374d9f000-7f8374da0000 r--s 00003000 08:01 10618959                   /home/victor/.m2/repository/de/siegmar/fastcsv/1.0.2/fastcsv-1.0.2.jar
7f8374da0000-7f8374da5000 r--s 00048000 08:01 8661731                    /home/victor/.m2/repository/dom4j/dom4j/1.6.1/dom4j-1.6.1.jar
7f8374da5000-7f8374da7000 r--s 00005000 08:01 10231114                   /home/victor/.m2/repository/stax/stax-api/1.0.1/stax-api-1.0.1.jar
7f8374da7000-7f8374da9000 r--s 00010000 08:01 10100752                   /home/victor/.m2/repository/commons-codec/commons-codec/1.5/commons-codec-1.5.jar
7f8374da9000-7f8374daa000 r--s 00006000 08:01 3281294                    /home/victor/netbeans-8.2/profiler/lib/jfluid-server-15.jar
7f8374daa000-7f8374dab000 r--s 00006000 08:01 3281294                    /home/victor/netbeans-8.2/profiler/lib/jfluid-server-15.jar
7f8374dab000-7f8374daf000 r--s 00066000 08:01 3281297                    /home/victor/netbeans-8.2/profiler/lib/jfluid-server.jar
7f8374daf000-7f8374db7000 rw-s 00000000 08:01 4980876                    /tmp/hsperfdata_victor/21210
7f8374db7000-7f8374db8000 rw-p 00000000 00:00 0 
7f8374db8000-7f8374db9000 ---p 00000000 00:00 0 
7f8374db9000-7f8374dbb000 rw-p 00000000 00:00 0 
7f8374dbb000-7f8374dbc000 r--p 00027000 08:01 6558085                    /lib/x86_64-linux-gnu/ld-2.27.so
7f8374dbc000-7f8374dbd000 rw-p 00028000 08:01 6558085                    /lib/x86_64-linux-gnu/ld-2.27.so
7f8374dbd000-7f8374dbe000 rw-p 00000000 00:00 0 
7ffe7a160000-7ffe7a182000 rw-p 00000000 00:00 0                          [stack]
7ffe7a190000-7ffe7a193000 r--p 00000000 00:00 0                          [vvar]
7ffe7a193000-7ffe7a195000 r-xp 00000000 00:00 0                          [vdso]
ffffffffff600000-ffffffffff601000 r-xp 00000000 00:00 0                  [vsyscall]

VM Arguments:
jvm_args: -agentpath:/home/victor/netbeans-8.2/profiler/lib/deployed/jdk16/linux-amd64/libprofilerinterface.so=/home/victor/netbeans-8.2/profiler/lib,5140,10 -XX:+HeapDumpOnOutOfMemoryError -XX:HeapDumpPath=/home/victor/.cache/netbeans/8.2/mavencachedirs/1839227194/org-netbeans-modules-profiler 
java_command: org.uam.aida.tscc.examples.ShearerExperimentation /home/victor/Desktop/tmp.csv /home/victor/Desktop/tscc_output.csv /home/victor/Desktop/config_ccts.toml
java_class_path (initial): /home/victor/Bitbucket/phd/DataAnalysis/tscc/target/classes:/home/victor/.m2/repository/org/apache/poi/poi-ooxml/3.9/poi-ooxml-3.9.jar:/home/victor/.m2/repository/org/apache/poi/poi/3.9/poi-3.9.jar:/home/victor/.m2/repository/commons-codec/commons-codec/1.5/commons-codec-1.5.jar:/home/victor/.m2/repository/org/apache/poi/poi-ooxml-schemas/3.9/poi-ooxml-schemas-3.9.jar:/home/victor/.m2/repository/org/apache/xmlbeans/xmlbeans/2.3.0/xmlbeans-2.3.0.jar:/home/victor/.m2/repository/stax/stax-api/1.0.1/stax-api-1.0.1.jar:/home/victor/.m2/repository/dom4j/dom4j/1.6.1/dom4j-1.6.1.jar:/home/victor/.m2/repository/xml-apis/xml-apis/1.0.b2/xml-apis-1.0.b2.jar:/home/victor/.m2/repository/org/mongodb/mongodb-driver/3.0.4/mongodb-driver-3.0.4.jar:/home/victor/.m2/repository/org/mongodb/bson/3.0.4/bson-3.0.4.jar:/home/victor/.m2/repository/org/mongodb/mongodb-driver-core/3.0.4/mongodb-driver-core-3.0.4.jar:/home/victor/.m2/repository/org/glassfish/javax.json/1.0.4/javax.json-1.0.4.jar:/home/victor/.m2/repository/com/google/guava/guava/19.0/guava-19.0.jar:/home/victor/.m2/repository/org/codehaus/janino/janino/2.5.16/janino-2.5.16.jar:/home/victor/.m2/repository/org/apache/commons/commons-csv/1.5/commons-csv-1.5.jar:/home/victor/.m2/repository/one/util/streamex/0.6.6/streamex-0.6.6.jar:/home/victor/.m2/repository/com/moandjiezana/toml/toml4j/0.7.2/toml4j-0.7.2.jar:/home/victor/.m2/repository/com/google/code/gson/gson/2.8.1/gson-2.8.1.jar:/home/victor/.m2/repository/de/siegmar/fastcsv/1.0.2/fastcsv-1.0.2.jar
Launcher Type: SUN_STANDARD

Environment Variables:
JAVA_HOME=/usr/lib/jvm/java-8-oracle
PATH=/usr/local/sbin:/usr/local/bin:/usr/sbin:/usr/bin:/sbin:/bin:/usr/games:/usr/local/games:/snap/bin:/usr/lib/jvm/java-8-oracle/bin:/usr/lib/jvm/java-8-oracle/db/bin:/usr/lib/jvm/java-8-oracle/jre/bin
USERNAME=victor
LD_LIBRARY_PATH=/usr/lib/jvm/java-8-oracle/jre/lib/amd64:/usr/lib/jvm/java-8-oracle/jre/lib/i386:
SHELL=/bin/bash
DISPLAY=:0

Signal Handlers:
SIGSEGV: [libjvm.so+0xad0890], sa_mask[0]=11111111011111111101111111111110, sa_flags=SA_RESTART|SA_SIGINFO
SIGBUS: [libjvm.so+0xad0890], sa_mask[0]=11111111011111111101111111111110, sa_flags=SA_RESTART|SA_SIGINFO
SIGFPE: [libjvm.so+0x928640], sa_mask[0]=11111111011111111101111111111110, sa_flags=SA_RESTART|SA_SIGINFO
SIGPIPE: [libjvm.so+0x928640], sa_mask[0]=11111111011111111101111111111110, sa_flags=SA_RESTART|SA_SIGINFO
SIGXFSZ: [libjvm.so+0x928640], sa_mask[0]=11111111011111111101111111111110, sa_flags=SA_RESTART|SA_SIGINFO
SIGILL: [libjvm.so+0x928640], sa_mask[0]=11111111011111111101111111111110, sa_flags=SA_RESTART|SA_SIGINFO
SIGUSR1: SIG_DFL, sa_mask[0]=00000000000000000000000000000000, sa_flags=none
SIGUSR2: [libjvm.so+0x929ea0], sa_mask[0]=00100000000000000000000000000000, sa_flags=SA_RESTART|SA_SIGINFO
SIGHUP: [libjvm.so+0x92b2a0], sa_mask[0]=11111111011111111101111111111110, sa_flags=SA_RESTART|SA_SIGINFO
SIGINT: SIG_IGN, sa_mask[0]=00000000000000000000000000000000, sa_flags=none
SIGTERM: [libjvm.so+0x92b2a0], sa_mask[0]=11111111011111111101111111111110, sa_flags=SA_RESTART|SA_SIGINFO
SIGQUIT: [libjvm.so+0x92b2a0], sa_mask[0]=11111111011111111101111111111110, sa_flags=SA_RESTART|SA_SIGINFO


---------------  S Y S T E M  ---------------

OS:DISTRIB_ID=Ubuntu
DISTRIB_RELEASE=18.04
DISTRIB_CODENAME=bionic
DISTRIB_DESCRIPTION="Ubuntu 18.04 LTS"

uname:Linux 4.15.0-24-generic #26-Ubuntu SMP Wed Jun 13 08:44:47 UTC 2018 x86_64
libc:glibc 2.27 NPTL 2.27 
rlimit: STACK 8192k, CORE 0k, NPROC 63407, NOFILE 1048576, AS infinity
load average:3.43 3.15 3.10

/proc/meminfo:
MemTotal:       16291224 kB
MemFree:          151820 kB
MemAvailable:     150476 kB
Buffers:            4740 kB
Cached:          1246596 kB
SwapCached:            0 kB
Active:         14585552 kB
Inactive:        1200696 kB
Active(anon):   14473880 kB
Inactive(anon):  1094616 kB
Active(file):     111672 kB
Inactive(file):   106080 kB
Unevictable:          72 kB
Mlocked:              72 kB
SwapTotal:             0 kB
SwapFree:              0 kB
Dirty:                72 kB
Writeback:             0 kB
AnonPages:      14535256 kB
Mapped:           512116 kB
Shmem:           1102132 kB
Slab:             162576 kB
SReclaimable:      65172 kB
SUnreclaim:        97404 kB
KernelStack:       17792 kB
PageTables:        95492 kB
NFS_Unstable:          0 kB
Bounce:                0 kB
WritebackTmp:          0 kB
CommitLimit:     8145612 kB
Committed_AS:   26875824 kB
VmallocTotal:   34359738367 kB
VmallocUsed:           0 kB
VmallocChunk:          0 kB
HardwareCorrupted:     0 kB
AnonHugePages:         0 kB
ShmemHugePages:        0 kB
ShmemPmdMapped:        0 kB
CmaTotal:              0 kB
CmaFree:               0 kB
HugePages_Total:       0
HugePages_Free:        0
HugePages_Rsvd:        0
HugePages_Surp:        0
Hugepagesize:       2048 kB
DirectMap4k:      246076 kB
DirectMap2M:    10104832 kB
DirectMap1G:     7340032 kB


CPU:total 4 (initial active 4) (4 cores per cpu, 1 threads per core) family 6 model 60 stepping 3, cmov, cx8, fxsr, mmx, sse, sse2, sse3, ssse3, sse4.1, sse4.2, popcnt, avx, avx2, aes, clmul, erms, lzcnt, tsc, tscinvbit, bmi1, bmi2

/proc/cpuinfo:
processor	: 0
vendor_id	: GenuineIntel
cpu family	: 6
model		: 60
model name	: Intel(R) Core(TM) i5-4460  CPU @ 3.20GHz
stepping	: 3
microcode	: 0x24
cpu MHz		: 3275.659
cache size	: 6144 KB
physical id	: 0
siblings	: 4
core id		: 0
cpu cores	: 4
apicid		: 0
initial apicid	: 0
fpu		: yes
fpu_exception	: yes
cpuid level	: 13
wp		: yes
flags		: fpu vme de pse tsc msr pae mce cx8 apic sep mtrr pge mca cmov pat pse36 clflush dts acpi mmx fxsr sse sse2 ss ht tm pbe syscall nx pdpe1gb rdtscp lm constant_tsc arch_perfmon pebs bts rep_good nopl xtopology nonstop_tsc cpuid aperfmperf pni pclmulqdq dtes64 monitor ds_cpl vmx est tm2 ssse3 sdbg fma cx16 xtpr pdcm pcid sse4_1 sse4_2 x2apic movbe popcnt tsc_deadline_timer aes xsave avx f16c rdrand lahf_lm abm cpuid_fault epb invpcid_single pti ibrs ibpb stibp tpr_shadow vnmi flexpriority ept vpid fsgsbase tsc_adjust bmi1 avx2 smep bmi2 erms invpcid xsaveopt dtherm ida arat pln pts
bugs		: cpu_meltdown spectre_v1 spectre_v2 spec_store_bypass
bogomips	: 6395.81
clflush size	: 64
cache_alignment	: 64
address sizes	: 39 bits physical, 48 bits virtual
power management:

processor	: 1
vendor_id	: GenuineIntel
cpu family	: 6
model		: 60
model name	: Intel(R) Core(TM) i5-4460  CPU @ 3.20GHz
stepping	: 3
microcode	: 0x24
cpu MHz		: 3275.171
cache size	: 6144 KB
physical id	: 0
siblings	: 4
core id		: 1
cpu cores	: 4
apicid		: 2
initial apicid	: 2
fpu		: yes
fpu_exception	: yes
cpuid level	: 13
wp		: yes
flags		: fpu vme de pse tsc msr pae mce cx8 apic sep mtrr pge mca cmov pat pse36 clflush dts acpi mmx fxsr sse sse2 ss ht tm pbe syscall nx pdpe1gb rdtscp lm constant_tsc arch_perfmon pebs bts rep_good nopl xtopology nonstop_tsc cpuid aperfmperf pni pclmulqdq dtes64 monitor ds_cpl vmx est tm2 ssse3 sdbg fma cx16 xtpr pdcm pcid sse4_1 sse4_2 x2apic movbe popcnt tsc_deadline_timer aes xsave avx f16c rdrand lahf_lm abm cpuid_fault epb invpcid_single pti ibrs ibpb stibp tpr_shadow vnmi flexpriority ept vpid fsgsbase tsc_adjust bmi1 avx2 smep bmi2 erms invpcid xsaveopt dtherm ida arat pln pts
bugs		: cpu_meltdown spectre_v1 spectre_v2 spec_store_bypass
bogomips	: 6395.81
clflush size	: 64
cache_alignment	: 64
address sizes	: 39 bits physical, 48 bits virtual
power management:

processor	: 2
vendor_id	: GenuineIntel
cpu family	: 6
model		: 60
model name	: Intel(R) Core(TM) i5-4460  CPU @ 3.20GHz
stepping	: 3
microcode	: 0x24
cpu MHz		: 3205.371
cache size	: 6144 KB
physical id	: 0
siblings	: 4
core id		: 2
cpu cores	: 4
apicid		: 4
initial apicid	: 4
fpu		: yes
fpu_exception	: yes
cpuid level	: 13
wp		: yes
flags		: fpu vme de pse tsc msr pae mce cx8 apic sep mtrr pge mca cmov pat pse36 clflush dts acpi mmx fxsr sse sse2 ss ht tm pbe syscall nx pdpe1gb rdtscp lm constant_tsc arch_perfmon pebs bts rep_good nopl xtopology nonstop_tsc cpuid aperfmperf pni pclmulqdq dtes64 monitor ds_cpl vmx est tm2 ssse3 sdbg fma cx16 xtpr pdcm pcid sse4_1 sse4_2 x2apic movbe popcnt tsc_deadline_timer aes xsave avx f16c rdrand lahf_lm abm cpuid_fault epb invpcid_single pti ibrs ibpb stibp tpr_shadow vnmi flexpriority ept vpid fsgsbase tsc_adjust bmi1 avx2 smep bmi2 erms invpcid xsaveopt dtherm ida arat pln pts
bugs		: cpu_meltdown spectre_v1 spectre_v2 spec_store_bypass
bogomips	: 6395.81
clflush size	: 64
cache_alignment	: 64
address sizes	: 39 bits physical, 48 bits virtual
power management:

processor	: 3
vendor_id	: GenuineIntel
cpu family	: 6
model		: 60
model name	: Intel(R) Core(TM) i5-4460  CPU @ 3.20GHz
stepping	: 3
microcode	: 0x24
cpu MHz		: 3212.064
cache size	: 6144 KB
physical id	: 0
siblings	: 4
core id		: 3
cpu cores	: 4
apicid		: 6
initial apicid	: 6
fpu		: yes
fpu_exception	: yes
cpuid level	: 13
wp		: yes
flags		: fpu vme de pse tsc msr pae mce cx8 apic sep mtrr pge mca cmov pat pse36 clflush dts acpi mmx fxsr sse sse2 ss ht tm pbe syscall nx pdpe1gb rdtscp lm constant_tsc arch_perfmon pebs bts rep_good nopl xtopology nonstop_tsc cpuid aperfmperf pni pclmulqdq dtes64 monitor ds_cpl vmx est tm2 ssse3 sdbg fma cx16 xtpr pdcm pcid sse4_1 sse4_2 x2apic movbe popcnt tsc_deadline_timer aes xsave avx f16c rdrand lahf_lm abm cpuid_fault epb invpcid_single pti ibrs ibpb stibp tpr_shadow vnmi flexpriority ept vpid fsgsbase tsc_adjust bmi1 avx2 smep bmi2 erms invpcid xsaveopt dtherm ida arat pln pts
bugs		: cpu_meltdown spectre_v1 spectre_v2 spec_store_bypass
bogomips	: 6395.81
clflush size	: 64
cache_alignment	: 64
address sizes	: 39 bits physical, 48 bits virtual
power management:



Memory: 4k page, physical 16291224k(151820k free), swap 0k(0k free)

vm_info: Java HotSpot(TM) 64-Bit Server VM (25.171-b11) for linux-amd64 JRE (1.8.0_171-b11), built on Mar 28 2018 17:07:08 by "java_re" with gcc 4.3.0 20080428 (Red Hat 4.3.0-8)

time: Wed Jul  4 18:30:29 2018
elapsed time: 26 seconds (0d 0h 0m 26s)

